<?xml version="1.0" encoding="UTF-8"?>
<testng-results ignored="0" total="1" passed="1" failed="0" skipped="0">
  <reporter-output>
  </reporter-output>
  <suite started-at="2022-11-04T22:15:50 IST" name="Default suite" finished-at="2022-11-04T22:16:41 IST" duration-ms="50940">
    <groups>
    </groups>
    <test started-at="2022-11-04T22:15:50 IST" name="Default test" finished-at="2022-11-04T22:16:41 IST" duration-ms="50940">
      <class name="TestScripts.demosklrry1">
        <test-method is-config="true" signature="openapp()[pri:0, instance:TestScripts.demosklrry1@69997e9d]" started-at="2022-11-04T22:15:50 IST" name="openapp" finished-at="2022-11-04T22:16:14 IST" duration-ms="23720" status="PASS">
          <reporter-output>
          </reporter-output>
        </test-method> <!-- openapp -->
        <test-method signature="tc1()[pri:0, instance:TestScripts.demosklrry1@69997e9d]" started-at="2022-11-04T22:16:14 IST" name="tc1" finished-at="2022-11-04T22:16:40 IST" duration-ms="26412" status="PASS">
          <reporter-output>
          </reporter-output>
        </test-method> <!-- tc1 -->
        <test-method is-config="true" signature="closeapp(org.testng.ITestResult)[pri:0, instance:TestScripts.demosklrry1@69997e9d]" started-at="2022-11-04T22:16:40 IST" name="closeapp" finished-at="2022-11-04T22:16:41 IST" duration-ms="738" status="PASS">
          <params>
            <param index="0">
              <value>
                <![CDATA[[TestResult name=tc1 status=SUCCESS method=demosklrry1.tc1()[pri:0, instance:TestScripts.demosklrry1@69997e9d] output={null}]]]>
              </value>
            </param>
          </params>
          <reporter-output>
          </reporter-output>
        </test-method> <!-- closeapp -->
      </class> <!-- TestScripts.demosklrry1 -->
    </test> <!-- Default test -->
  </suite> <!-- Default suite -->
</testng-results>
